#
# A fatal error has been detected by the Java Runtime Environment:
#
#  Internal Error (classFileParser.cpp:3494), pid=6556, tid=5364
#  Error: ShouldNotReachHere()
#
# JRE version: 6.0_45-b06
# Java VM: Java HotSpot(TM) 64-Bit Server VM (20.45-b01 mixed mode windows-amd64 compressed oops)
# If you would like to submit a bug report, please visit:
#   http://java.sun.com/webapps/bugreport/crash.jsp
#

---------------  T H R E A D  ---------------

Current thread (0x00000000005eb800):  JavaThread "Unknown thread" [_thread_in_vm, id=5364, stack(0x0000000002340000,0x0000000002440000)]

Stack: [0x0000000002340000,0x0000000002440000]
[error occurred during error reporting (printing stack bounds), id 0xc0000005]


---------------  P R O C E S S  ---------------

Java Threads: ( => current thread )

Other Threads:

=>0x00000000005eb800 (exited) JavaThread "Unknown thread" [_thread_in_vm, id=5364, stack(0x0000000002340000,0x0000000002440000)]

VM state:not at safepoint (not fully initialized)

VM Mutex/Monitor currently owned by a thread: None

Dynamic libraries:
0x0000000000400000 - 0x000000000042f000 	C:\dev\Java\jre6\bin\javaw.exe
0x00000000778e0000 - 0x0000000077a89000 	C:\Windows\SYSTEM32\ntdll.dll
0x00000000776c0000 - 0x00000000777df000 	C:\Windows\system32\kernel32.dll
0x000007fefd740000 - 0x000007fefd7ac000 	C:\Windows\system32\KERNELBASE.dll
0x000007fefe720000 - 0x000007fefe7fb000 	C:\Windows\system32\ADVAPI32.dll
0x000007fefde70000 - 0x000007fefdf0f000 	C:\Windows\system32\msvcrt.dll
0x000007fefdf90000 - 0x000007fefdfaf000 	C:\Windows\SYSTEM32\sechost.dll
0x000007fefe290000 - 0x000007fefe3bd000 	C:\Windows\system32\RPCRT4.dll
0x00000000777e0000 - 0x00000000778da000 	C:\Windows\system32\USER32.dll
0x000007fefdbd0000 - 0x000007fefdc37000 	C:\Windows\system32\GDI32.dll
0x000007fefe710000 - 0x000007fefe71e000 	C:\Windows\system32\LPK.dll
0x000007fefe1c0000 - 0x000007fefe289000 	C:\Windows\system32\USP10.dll
0x000007fefe800000 - 0x000007fefe82e000 	C:\Windows\system32\IMM32.DLL
0x000007fefe830000 - 0x000007fefe939000 	C:\Windows\system32\MSCTF.dll
0x000000006d830000 - 0x000000006dfec000 	C:\dev\Java\jre6\bin\server\jvm.dll
0x000007fefa620000 - 0x000007fefa65b000 	C:\Windows\system32\WINMM.dll
0x000000006d7a0000 - 0x000000006d7ae000 	C:\dev\Java\jre6\bin\verify.dll
0x000000006d3c0000 - 0x000000006d3e7000 	C:\dev\Java\jre6\bin\java.dll
0x000000006d7f0000 - 0x000000006d802000 	C:\dev\Java\jre6\bin\zip.dll
0x0000000077ab0000 - 0x0000000077ab7000 	C:\Windows\system32\PSAPI.DLL

VM Arguments:
jvm_args: -Dfile.encoding=GBK -Xbootclasspath:D:\software\adt-bundle-windows-x86_64-20131030\sdk\platforms\android-19\android.jar 
java_command: com.macrocheng.cubeopengl.MainActivity
Launcher Type: SUN_STANDARD

Environment Variables:
JAVA_HOME=C:\dev\Java\jdk1.6.0_45
CLASSPATH=.;C:\dev\Java\jdk1.6.0_45/lib;C:\dev\Java\jdk1.6.0_45/lib/tools.jar;D:\software\gradle-1.8/lib
PATH=C:\Program Files\Broadcom\Broadcom 802.11 Network Adapter\Driver;C:\Program Files (x86)\AMD APP\bin\x86_64;C:\Program Files (x86)\AMD APP\bin\x86;C:\Windows\system32;C:\Windows;C:\Windows\System32\Wbem;C:\Windows\System32\WindowsPowerShell\v1.0\;C:\Program Files (x86)\ATI Technologies\ATI.ACE\Core-Static;C:\Program Files\Intel\WiFi\bin\;C:\Program Files\Common Files\Intel\WirelessCommon\;C:\Program Files\MySQL\MySQL Server 5.0\bin;C:\dev\Java\jdk1.6.0_45/bin;D:\software\apache-maven-2.2.1/bin;TOMCAT_HOME/bin;C:\Program Files\TortoiseSVN\bin;C:\Program Files\TortoiseGit\bin;C:\Program Files (x86)\Git\cmd;C:\Program Files (x86)\Git\bin;D:\software\gradle-1.8/bin;C:\Program Files\Mercurial\;C:\Program Files\Mercurial;D:\software\groovy-2.2.1/bin;C:\Program Files\Common Files\Autodesk Shared\;C:\Program Files (x86)\QuickTime\QTSystem\;D:\software\apache-ant-1.9.3/bin;C:\Program Files\Intel\WiFi\bin\;C:\Program Files\Common Files\Intel\WirelessCommon\;;C:\dev\Java\jdk1.6.0_45/bin;D:\software\apache-maven-2.2.1/bin;TOMCAT_HOME/bin;D:\software\gradle-1.8/bin;D:\software\groovy-2.2.1/bin;D:\software\apache-ant-1.9.3/bin
USERNAME=Administrator
OS=Windows_NT
PROCESSOR_IDENTIFIER=Intel64 Family 6 Model 42 Stepping 7, GenuineIntel



---------------  S Y S T E M  ---------------

OS: Windows 7 , 64 bit Build 7601 Service Pack 1

CPU:total 4 (2 cores per cpu, 2 threads per core) family 6 model 42 stepping 7, cmov, cx8, fxsr, mmx, sse, sse2, sse3, ssse3, sse4.1, sse4.2, popcnt, ht

Memory: 4k page, physical 6200560k(2488788k free), swap 12399256k(8514456k free)

vm_info: Java HotSpot(TM) 64-Bit Server VM (20.45-b01) for windows-amd64 JRE (1.6.0_45-b06), built on Apr  1 2013 12:31:37 by "java_re" with MS VC++ 8.0 (VS2005)

time: Tue Jun 17 23:36:49 2014
elapsed time: 0 seconds

